<?xml version="1.0" encoding="UTF-8"?>
<testng-results skipped="0" failed="0" total="3" passed="3">
  <reporter-output>
  </reporter-output>
  <suite name="Surefire suite" duration-ms="1673" started-at="2018-06-16T05:24:12Z" finished-at="2018-06-16T05:24:14Z">
    <groups>
    </groups>
    <test name="Surefire test" duration-ms="1673" started-at="2018-06-16T05:24:12Z" finished-at="2018-06-16T05:24:14Z">
      <class name="team.smart.service.UserServiceTest">
        <test-method status="PASS" signature="springTestContextBeforeTestClass()[pri:0, instance:team.smart.service.UserServiceTest@1f36e637]" name="springTestContextBeforeTestClass" is-config="true" duration-ms="0" started-at="2018-06-16T13:24:12Z" finished-at="2018-06-16T13:24:12Z">
          <reporter-output>
          </reporter-output>
        </test-method> <!-- springTestContextBeforeTestClass -->
        <test-method status="PASS" signature="springTestContextPrepareTestInstance()[pri:0, instance:team.smart.service.UserServiceTest@1f36e637]" name="springTestContextPrepareTestInstance" is-config="true" duration-ms="1061" started-at="2018-06-16T13:24:12Z" depends-on-methods="org.springframework.test.context.testng.AbstractTestNGSpringContextTests.springTestContextBeforeTestClass" finished-at="2018-06-16T13:24:13Z">
          <reporter-output>
          </reporter-output>
        </test-method> <!-- springTestContextPrepareTestInstance -->
        <test-method status="PASS" signature="springTestContextBeforeTestMethod(java.lang.reflect.Method)[pri:0, instance:team.smart.service.UserServiceTest@1f36e637]" name="springTestContextBeforeTestMethod" is-config="true" duration-ms="299" started-at="2018-06-16T13:24:13Z" finished-at="2018-06-16T13:24:13Z">
          <params>
            <param index="0">
              <value>
                <![CDATA[public void team.smart.service.UserServiceTest.testFindUserByUserName() throws java.lang.Exception]]>
              </value>
            </param>
          </params>
          <reporter-output>
          </reporter-output>
        </test-method> <!-- springTestContextBeforeTestMethod -->
        <test-method status="PASS" signature="springTestContextBeforeTestMethod(java.lang.reflect.Method)[pri:0, instance:team.smart.service.UserServiceTest@1f36e637]" name="springTestContextBeforeTestMethod" is-config="true" duration-ms="299" started-at="2018-06-16T13:24:13Z" finished-at="2018-06-16T13:24:13Z">
          <params>
            <param index="0">
              <value>
                <![CDATA[public void team.smart.service.UserServiceTest.testHasMatchUser()]]>
              </value>
            </param>
          </params>
          <reporter-output>
          </reporter-output>
        </test-method> <!-- springTestContextBeforeTestMethod -->
        <test-method status="PASS" signature="springTestContextBeforeTestMethod(java.lang.reflect.Method)[pri:0, instance:team.smart.service.UserServiceTest@1f36e637]" name="springTestContextBeforeTestMethod" is-config="true" duration-ms="299" started-at="2018-06-16T13:24:13Z" finished-at="2018-06-16T13:24:13Z">
          <params>
            <param index="0">
              <value>
                <![CDATA[public void team.smart.service.UserServiceTest.testAddLoginLog()]]>
              </value>
            </param>
          </params>
          <reporter-output>
          </reporter-output>
        </test-method> <!-- springTestContextBeforeTestMethod -->
        <test-method status="PASS" signature="testHasMatchUser()[pri:0, instance:team.smart.service.UserServiceTest@1f36e637]" name="testHasMatchUser" duration-ms="91" started-at="2018-06-16T13:24:13Z" finished-at="2018-06-16T13:24:14Z">
          <reporter-output>
          </reporter-output>
        </test-method> <!-- testHasMatchUser -->
        <test-method status="PASS" signature="testAddLoginLog()[pri:0, instance:team.smart.service.UserServiceTest@1f36e637]" name="testAddLoginLog" duration-ms="216" started-at="2018-06-16T13:24:13Z" finished-at="2018-06-16T13:24:14Z">
          <reporter-output>
          </reporter-output>
        </test-method> <!-- testAddLoginLog -->
        <test-method status="PASS" signature="testFindUserByUserName()[pri:0, instance:team.smart.service.UserServiceTest@1f36e637]" name="testFindUserByUserName" duration-ms="294" started-at="2018-06-16T13:24:13Z" finished-at="2018-06-16T13:24:14Z">
          <reporter-output>
          </reporter-output>
        </test-method> <!-- testFindUserByUserName -->
        <test-method status="PASS" signature="springTestContextAfterTestMethod(java.lang.reflect.Method)[pri:0, instance:team.smart.service.UserServiceTest@1f36e637]" name="springTestContextAfterTestMethod" is-config="true" duration-ms="0" started-at="2018-06-16T13:24:14Z" finished-at="2018-06-16T13:24:14Z">
          <params>
            <param index="0">
              <value>
                <![CDATA[public void team.smart.service.UserServiceTest.testHasMatchUser()]]>
              </value>
            </param>
          </params>
          <reporter-output>
          </reporter-output>
        </test-method> <!-- springTestContextAfterTestMethod -->
        <test-method status="PASS" signature="springTestContextAfterTestMethod(java.lang.reflect.Method)[pri:0, instance:team.smart.service.UserServiceTest@1f36e637]" name="springTestContextAfterTestMethod" is-config="true" duration-ms="15" started-at="2018-06-16T13:24:14Z" finished-at="2018-06-16T13:24:14Z">
          <params>
            <param index="0">
              <value>
                <![CDATA[public void team.smart.service.UserServiceTest.testAddLoginLog()]]>
              </value>
            </param>
          </params>
          <reporter-output>
          </reporter-output>
        </test-method> <!-- springTestContextAfterTestMethod -->
        <test-method status="PASS" signature="springTestContextAfterTestMethod(java.lang.reflect.Method)[pri:0, instance:team.smart.service.UserServiceTest@1f36e637]" name="springTestContextAfterTestMethod" is-config="true" duration-ms="0" started-at="2018-06-16T13:24:14Z" finished-at="2018-06-16T13:24:14Z">
          <params>
            <param index="0">
              <value>
                <![CDATA[public void team.smart.service.UserServiceTest.testFindUserByUserName() throws java.lang.Exception]]>
              </value>
            </param>
          </params>
          <reporter-output>
          </reporter-output>
        </test-method> <!-- springTestContextAfterTestMethod -->
        <test-method status="PASS" signature="springTestContextAfterTestClass()[pri:0, instance:team.smart.service.UserServiceTest@1f36e637]" name="springTestContextAfterTestClass" is-config="true" duration-ms="0" started-at="2018-06-16T13:24:14Z" finished-at="2018-06-16T13:24:14Z">
          <reporter-output>
          </reporter-output>
        </test-method> <!-- springTestContextAfterTestClass -->
      </class> <!-- team.smart.service.UserServiceTest -->
    </test> <!-- Surefire test -->
  </suite> <!-- Surefire suite -->
</testng-results>
