<?xml version="1.0" encoding="UTF-8"?>
<!-- Generated by org.testng.reporters.JUnitXMLReporter -->
<testsuite hostname="suqiao" name="Surefire test" tests="3" failures="0" timestamp="15 Jun 2018 13:06:41 GMT" time="1.796" errors="0">
  <testcase name="testHasMatchUser" time="0.08" classname="team.smart.service.UserServiceTest"/>
  <testcase name="testAddLoginLog" time="0.112" classname="team.smart.service.UserServiceTest"/>
  <testcase name="testFindUserByUserName" time="0.266" classname="team.smart.service.UserServiceTest"/>
</testsuite> <!-- Surefire test -->
