<?xml version="1.0" encoding="UTF-8"?>
<!-- Generated by org.testng.reporters.JUnitXMLReporter -->
<testsuite hostname="suqiao" name="Surefire test" tests="3" failures="0" timestamp="2 Jun 2018 13:48:03 GMT" time="1.74" errors="0">
  <testcase name="testHasMatchUser" time="0.063" classname="team.smart.service.UserServiceTest"/>
  <testcase name="testAddLoginLog" time="0.298" classname="team.smart.service.UserServiceTest"/>
  <testcase name="testFindUserByUserName" time="0.333" classname="team.smart.service.UserServiceTest"/>
</testsuite> <!-- Surefire test -->
